{"level":"info","message":"User service is running on port 1234","timestamp":"2025-10-29T07:26:38.552Z"}
{"level":"error","message":"RabbitMQ connection failed (Attempt 1): connect ECONNREFUSED 172.18.0.4:5672","timestamp":"2025-10-29T07:26:38.557Z"}
{"level":"info","message":"Retrying in 5 seconds...","timestamp":"2025-10-29T07:26:38.557Z"}
{"level":"info","message":"Connected to RabbitMQ","timestamp":"2025-10-29T07:26:43.611Z"}
{"level":"info","message":"Waiting for messages in userQueue...","timestamp":"2025-10-29T07:26:43.620Z"}
{"level":"info","message":"Waiting for messages in queue: userQueue","timestamp":"2025-10-29T07:26:43.620Z"}
{"level":"info","message":"User service is running on port 1234","timestamp":"2025-10-29T07:35:26.487Z"}
{"level":"error","message":"RabbitMQ connection failed (Attempt 1): connect ECONNREFUSED 172.18.0.2:5672","timestamp":"2025-10-29T07:35:26.491Z"}
{"level":"info","message":"Retrying in 5 seconds...","timestamp":"2025-10-29T07:35:26.491Z"}
{"level":"info","message":"Connected to RabbitMQ","timestamp":"2025-10-29T07:35:31.552Z"}
{"level":"info","message":"Waiting for messages in userQueue...","timestamp":"2025-10-29T07:35:31.555Z"}
{"level":"info","message":"Waiting for messages in queue: userQueue","timestamp":"2025-10-29T07:35:31.556Z"}
{"level":"info","message":"User service is running on port 1234","timestamp":"2025-10-29T07:40:13.399Z"}
{"level":"error","message":"RabbitMQ connection failed (Attempt 1): connect ECONNREFUSED 172.18.0.4:5672","timestamp":"2025-10-29T07:40:13.403Z"}
{"level":"info","message":"Retrying in 5 seconds...","timestamp":"2025-10-29T07:40:13.403Z"}
{"level":"info","message":"Connected to RabbitMQ","timestamp":"2025-10-29T07:40:18.458Z"}
{"level":"info","message":"Waiting for messages in userQueue...","timestamp":"2025-10-29T07:40:18.461Z"}
{"level":"info","message":"Waiting for messages in queue: userQueue","timestamp":"2025-10-29T07:40:18.461Z"}
{"level":"info","message":"User service is running on port 1234","timestamp":"2025-10-29T07:43:06.161Z"}
{"level":"error","message":"RabbitMQ connection failed (Attempt 1): connect ECONNREFUSED 172.19.0.4:5672","timestamp":"2025-10-29T07:43:06.165Z"}
{"level":"info","message":"Retrying in 5 seconds...","timestamp":"2025-10-29T07:43:06.165Z"}
{"level":"info","message":"Connected to RabbitMQ","timestamp":"2025-10-29T07:43:11.221Z"}
{"level":"info","message":"Waiting for messages in userQueue...","timestamp":"2025-10-29T07:43:11.230Z"}
{"level":"info","message":"Waiting for messages in queue: userQueue","timestamp":"2025-10-29T07:43:11.231Z"}
